{"/usr/src/app/src/database.js": {"path":"/usr/src/app/src/database.js","statementMap":{"0":{"start":{"line":1,"column":17},"end":{"line":1,"column":36}},"1":{"start":{"line":3,"column":14},"end":{"line":13,"column":1}},"2":{"start":{"line":4,"column":4},"end":{"line":7,"column":6}},"3":{"start":{"line":8,"column":4},"end":{"line":8,"column":28}},"4":{"start":{"line":9,"column":4},"end":{"line":11,"column":7}},"5":{"start":{"line":10,"column":8},"end":{"line":10,"column":17}},"6":{"start":{"line":12,"column":4},"end":{"line":12,"column":58}},"7":{"start":{"line":12,"column":28},"end":{"line":12,"column":55}},"8":{"start":{"line":14,"column":0},"end":{"line":14,"column":9}},"9":{"start":{"line":15,"column":0},"end":{"line":15,"column":19}}},"fnMap":{"0":{"name":"(anonymous_0)","decl":{"start":{"line":3,"column":14},"end":{"line":3,"column":15}},"loc":{"start":{"line":3,"column":20},"end":{"line":13,"column":1}},"line":3},"1":{"name":"(anonymous_1)","decl":{"start":{"line":9,"column":19},"end":{"line":9,"column":20}},"loc":{"start":{"line":9,"column":25},"end":{"line":11,"column":6}},"line":9},"2":{"name":"(anonymous_2)","decl":{"start":{"line":12,"column":20},"end":{"line":12,"column":21}},"loc":{"start":{"line":12,"column":26},"end":{"line":12,"column":57}},"line":12}},"branchMap":{},"s":{"0":1,"1":1,"2":1,"3":1,"4":1,"5":0,"6":1,"7":1,"8":1,"9":1},"f":{"0":1,"1":0,"2":1},"b":{},"_coverageSchema":"1a1c01bbd47fc00a2c39e90264f33305004495a9","hash":"3d853dd2c465641f1b2d66cb7176c92625609a24"}
,"/usr/src/app/src/general.routes.js": {"path":"/usr/src/app/src/general.routes.js","statementMap":{"0":{"start":{"line":1,"column":15},"end":{"line":1,"column":42}},"1":{"start":{"line":2,"column":17},"end":{"line":2,"column":36}},"2":{"start":{"line":4,"column":0},"end":{"line":16,"column":2}},"3":{"start":{"line":5,"column":4},"end":{"line":15,"column":5}},"4":{"start":{"line":6,"column":19},"end":{"line":6,"column":38}},"5":{"start":{"line":7,"column":8},"end":{"line":10,"column":10}},"6":{"start":{"line":12,"column":8},"end":{"line":14,"column":10}},"7":{"start":{"line":18,"column":0},"end":{"line":18,"column":24}}},"fnMap":{"0":{"name":"(anonymous_0)","decl":{"start":{"line":4,"column":20},"end":{"line":4,"column":21}},"loc":{"start":{"line":4,"column":40},"end":{"line":16,"column":1}},"line":4}},"branchMap":{},"s":{"0":1,"1":1,"2":1,"3":0,"4":0,"5":0,"6":0,"7":1},"f":{"0":0},"b":{},"_coverageSchema":"1a1c01bbd47fc00a2c39e90264f33305004495a9","hash":"295d42381aa5ada4b948a03bbb9ddb8391c462e1"}
,"/usr/src/app/src/schema.js": {"path":"/usr/src/app/src/schema.js","statementMap":{"0":{"start":{"line":1,"column":17},"end":{"line":1,"column":36}},"1":{"start":{"line":2,"column":19},"end":{"line":17,"column":2}},"2":{"start":{"line":19,"column":0},"end":{"line":21,"column":1}}},"fnMap":{},"branchMap":{},"s":{"0":1,"1":1,"2":1},"f":{},"b":{},"_coverageSchema":"1a1c01bbd47fc00a2c39e90264f33305004495a9","hash":"42d5fbeab1a34fd37d19f2df97bcb698978a8d3e"}
,"/usr/src/app/src/server.js": {"path":"/usr/src/app/src/server.js","statementMap":{"0":{"start":{"line":1,"column":16},"end":{"line":1,"column":34}},"1":{"start":{"line":2,"column":12},"end":{"line":2,"column":21}},"2":{"start":{"line":3,"column":13},"end":{"line":3,"column":33}},"3":{"start":{"line":4,"column":14},"end":{"line":4,"column":30}},"4":{"start":{"line":5,"column":11},"end":{"line":5,"column":32}},"5":{"start":{"line":6,"column":20},"end":{"line":6,"column":51}},"6":{"start":{"line":7,"column":19},"end":{"line":7,"column":41}},"7":{"start":{"line":8,"column":13},"end":{"line":8,"column":28}},"8":{"start":{"line":9,"column":17},"end":{"line":9,"column":36}},"9":{"start":{"line":10,"column":0},"end":{"line":26,"column":45}},"10":{"start":{"line":13,"column":8},"end":{"line":13,"column":40}},"11":{"start":{"line":14,"column":8},"end":{"line":14,"column":40}},"12":{"start":{"line":15,"column":24},"end":{"line":15,"column":64}},"13":{"start":{"line":16,"column":8},"end":{"line":16,"column":48}},"14":{"start":{"line":17,"column":8},"end":{"line":17,"column":39}},"15":{"start":{"line":18,"column":21},"end":{"line":18,"column":38}},"16":{"start":{"line":19,"column":8},"end":{"line":19,"column":27}},"17":{"start":{"line":20,"column":8},"end":{"line":20,"column":58}},"18":{"start":{"line":21,"column":8},"end":{"line":21,"column":15}},"19":{"start":{"line":28,"column":16},"end":{"line":38,"column":1}},"20":{"start":{"line":29,"column":4},"end":{"line":37,"column":5}},"21":{"start":{"line":30,"column":8},"end":{"line":30,"column":33}},"22":{"start":{"line":31,"column":33},"end":{"line":31,"column":108}},"23":{"start":{"line":32,"column":8},"end":{"line":32,"column":35}},"24":{"start":{"line":33,"column":8},"end":{"line":33,"column":19}},"25":{"start":{"line":35,"column":8},"end":{"line":35,"column":22}},"26":{"start":{"line":36,"column":8},"end":{"line":36,"column":34}},"27":{"start":{"line":39,"column":0},"end":{"line":45,"column":2}},"28":{"start":{"line":40,"column":4},"end":{"line":44,"column":5}},"29":{"start":{"line":41,"column":8},"end":{"line":41,"column":19}},"30":{"start":{"line":47,"column":0},"end":{"line":53,"column":3}},"31":{"start":{"line":48,"column":4},"end":{"line":52,"column":5}},"32":{"start":{"line":49,"column":8},"end":{"line":49,"column":19}},"33":{"start":{"line":55,"column":0},"end":{"line":58,"column":2}}},"fnMap":{"0":{"name":"(anonymous_0)","decl":{"start":{"line":12,"column":9},"end":{"line":12,"column":10}},"loc":{"start":{"line":12,"column":29},"end":{"line":22,"column":5}},"line":12},"1":{"name":"(anonymous_1)","decl":{"start":{"line":28,"column":16},"end":{"line":28,"column":17}},"loc":{"start":{"line":28,"column":28},"end":{"line":38,"column":1}},"line":28},"2":{"name":"(anonymous_2)","decl":{"start":{"line":39,"column":16},"end":{"line":39,"column":17}},"loc":{"start":{"line":39,"column":22},"end":{"line":45,"column":1}},"line":39},"3":{"name":"(anonymous_3)","decl":{"start":{"line":47,"column":27},"end":{"line":47,"column":28}},"loc":{"start":{"line":47,"column":39},"end":{"line":53,"column":1}},"line":47}},"branchMap":{"0":{"loc":{"start":{"line":10,"column":16},"end":{"line":10,"column":40}},"type":"binary-expr","locations":[{"start":{"line":10,"column":16},"end":{"line":10,"column":32}},{"start":{"line":10,"column":36},"end":{"line":10,"column":40}}],"line":10},"1":{"loc":{"start":{"line":15,"column":24},"end":{"line":15,"column":64}},"type":"binary-expr","locations":[{"start":{"line":15,"column":24},"end":{"line":15,"column":51}},{"start":{"line":15,"column":55},"end":{"line":15,"column":64}}],"line":15}},"s":{"0":1,"1":1,"2":1,"3":1,"4":1,"5":1,"6":1,"7":1,"8":1,"9":1,"10":0,"11":0,"12":0,"13":0,"14":0,"15":0,"16":0,"17":0,"18":0,"19":1,"20":1,"21":1,"22":1,"23":1,"24":1,"25":0,"26":0,"27":1,"28":0,"29":0,"30":1,"31":0,"32":0,"33":1},"f":{"0":0,"1":1,"2":0,"3":0},"b":{"0":[1,1],"1":[0,0]},"_coverageSchema":"1a1c01bbd47fc00a2c39e90264f33305004495a9","hash":"253980bd25b0f2b65a4d82cb1fcb588d8a4cbe0c"}
}
