TN:
SF:src/database.js
FN:3,(anonymous_0)
FN:9,(anonymous_1)
FN:12,(anonymous_2)
FNF:3
FNH:2
FNDA:1,(anonymous_0)
FNDA:0,(anonymous_1)
FNDA:1,(anonymous_2)
DA:1,1
DA:3,1
DA:4,1
DA:8,1
DA:9,1
DA:10,0
DA:12,1
DA:14,1
DA:15,1
LF:9
LH:8
BRF:0
BRH:0
end_of_record
TN:
SF:src/general.routes.js
FN:4,(anonymous_0)
FNF:1
FNH:0
FNDA:0,(anonymous_0)
DA:1,1
DA:2,1
DA:4,1
DA:5,0
DA:6,0
DA:7,0
DA:12,0
DA:18,1
LF:8
LH:4
BRF:0
BRH:0
end_of_record
TN:
SF:src/schema.js
FNF:0
FNH:0
DA:1,1
DA:2,1
DA:19,1
LF:3
LH:3
BRF:0
BRH:0
end_of_record
TN:
SF:src/server.js
FN:12,(anonymous_0)
FN:28,(anonymous_1)
FN:39,(anonymous_2)
FN:47,(anonymous_3)
FNF:4
FNH:1
FNDA:0,(anonymous_0)
FNDA:1,(anonymous_1)
FNDA:0,(anonymous_2)
FNDA:0,(anonymous_3)
DA:1,1
DA:2,1
DA:3,1
DA:4,1
DA:5,1
DA:6,1
DA:7,1
DA:8,1
DA:9,1
DA:10,1
DA:13,0
DA:14,0
DA:15,0
DA:16,0
DA:17,0
DA:18,0
DA:19,0
DA:20,0
DA:21,0
DA:28,1
DA:29,1
DA:30,1
DA:31,1
DA:32,1
DA:33,1
DA:35,0
DA:36,0
DA:39,1
DA:40,0
DA:41,0
DA:47,1
DA:48,0
DA:49,0
DA:55,1
LF:34
LH:19
BRDA:10,0,0,1
BRDA:10,0,1,1
BRDA:15,1,0,0
BRDA:15,1,1,0
BRF:4
BRH:2
end_of_record
